  compilation object save succeeded; see C:\Users\kyunghwan chang\Documents\GitHub\GameEngine\DX11Starter\Debug\PixelShader.cso
  compilation object save succeeded; see C:\Users\kyunghwan chang\Documents\GitHub\GameEngine\DX11Starter\Debug\VertexShader.cso
  WorldMain.cpp
c:\users\kyunghwan chang\documents\github\gameengine\dx11starter\worldmain.cpp(15): warning C4244: '=': conversion from 'double' to 'float', possible loss of data
c:\users\kyunghwan chang\documents\github\gameengine\dx11starter\worldmain.cpp(16): warning C4244: '=': conversion from 'double' to 'float', possible loss of data
  SimpleShader.cpp
  Object.cpp
  Mesh.cpp
  Main.cpp
  KContext.cpp
c:\users\kyunghwan chang\documents\github\gameengine\dx11starter\kcontext.cpp(365): warning C4244: 'initializing': conversion from 'LONG' to 'float', possible loss of data
  Shader.cpp
  Object_KGraphic.cpp
  DXCore.cpp
  Camera.cpp
  Generating Code...
  Camera.cpp
  GraphicMain.cpp
  DX11Starter.vcxproj -> C:\Users\kyunghwan chang\Documents\GitHub\GameEngine\DX11Starter\Debug\DX11Starter.exe
  DX11Starter.vcxproj -> C:\Users\kyunghwan chang\Documents\GitHub\GameEngine\DX11Starter\Debug\DX11Starter.pdb (Full PDB)
