c:\users\devbl\onedrive\문서\github\gameengine\offlinerendering_01\offlinerendering_01\debug\vc140.pdb
c:\users\devbl\onedrive\문서\github\gameengine\offlinerendering_01\offlinerendering_01\debug\vc140.idb
c:\users\devbl\onedrive\문서\github\gameengine\offlinerendering_01\offlinerendering_01\debug\gamemain.obj
c:\users\devbl\onedrive\문서\github\gameengine\offlinerendering_01\offlinerendering_01\debug\glfw_context.obj
c:\users\devbl\onedrive\문서\github\gameengine\offlinerendering_01\offlinerendering_01\debug\camera.obj
c:\users\devbl\onedrive\문서\github\gameengine\offlinerendering_01\offlinerendering_01\debug\graphicmain.obj
c:\users\devbl\onedrive\문서\github\gameengine\offlinerendering_01\offlinerendering_01\debug\object.obj
c:\users\devbl\onedrive\문서\github\gameengine\offlinerendering_01\offlinerendering_01\debug\shader.obj
c:\users\devbl\onedrive\문서\github\gameengine\offlinerendering_01\offlinerendering_01\debug\kvertexarrayobject.obj
c:\users\devbl\onedrive\문서\github\gameengine\offlinerendering_01\offlinerendering_01\debug\openglmain.obj
c:\users\devbl\onedrive\문서\github\gameengine\offlinerendering_01\offlinerendering_01\debug\program_default.obj
c:\users\devbl\onedrive\문서\github\gameengine\offlinerendering_01\offlinerendering_01\debug\shader_element.obj
c:\users\devbl\onedrive\문서\github\gameengine\offlinerendering_01\offlinerendering_01\debug\easy_opengl.obj
c:\users\devbl\onedrive\문서\github\gameengine\offlinerendering_01\offlinerendering_01\debug\easy_std.obj
c:\users\devbl\onedrive\문서\github\gameengine\offlinerendering_01\offlinerendering_01\debug\script.obj
c:\users\devbl\onedrive\문서\github\gameengine\offlinerendering_01\offlinerendering_01\debug\world.obj
c:\users\devbl\onedrive\문서\github\gameengine\offlinerendering_01\offlinerendering_01\debug\graphic_opengl.obj
c:\users\devbl\onedrive\문서\github\gameengine\offlinerendering_01\offlinerendering_01\debug\playerinput.obj
c:\users\devbl\onedrive\문서\github\gameengine\offlinerendering_01\offlinerendering_01\debug\main.obj
c:\users\devbl\onedrive\문서\github\gameengine\offlinerendering_01\offlinerendering_01\debug\assimpscene.obj
c:\users\devbl\onedrive\문서\github\gameengine\offlinerendering_01\debug\offlinerendering_01.pdb
c:\users\devbl\onedrive\문서\github\gameengine\offlinerendering_01\offlinerendering_01\debug\offliner.9b925466.tlog\cl.command.1.tlog
c:\users\devbl\onedrive\문서\github\gameengine\offlinerendering_01\offlinerendering_01\debug\offliner.9b925466.tlog\cl.read.1.tlog
c:\users\devbl\onedrive\문서\github\gameengine\offlinerendering_01\offlinerendering_01\debug\offliner.9b925466.tlog\cl.write.1.tlog
c:\users\devbl\onedrive\문서\github\gameengine\offlinerendering_01\offlinerendering_01\debug\offliner.9b925466.tlog\link-cvtres.read.1.tlog
c:\users\devbl\onedrive\문서\github\gameengine\offlinerendering_01\offlinerendering_01\debug\offliner.9b925466.tlog\link-cvtres.write.1.tlog
c:\users\devbl\onedrive\문서\github\gameengine\offlinerendering_01\offlinerendering_01\debug\offliner.9b925466.tlog\link-rc.read.1.tlog
c:\users\devbl\onedrive\문서\github\gameengine\offlinerendering_01\offlinerendering_01\debug\offliner.9b925466.tlog\link-rc.write.1.tlog
c:\users\devbl\onedrive\문서\github\gameengine\offlinerendering_01\offlinerendering_01\debug\offliner.9b925466.tlog\link.command.1.tlog
c:\users\devbl\onedrive\문서\github\gameengine\offlinerendering_01\offlinerendering_01\debug\offliner.9b925466.tlog\link.read.1.tlog
c:\users\devbl\onedrive\문서\github\gameengine\offlinerendering_01\offlinerendering_01\debug\offliner.9b925466.tlog\link.write.1.tlog
